# JRE version: OpenJDK Runtime Environment (11.0.11+9) (build 11.0.11+9-b60-7590822)
# Java VM: OpenJDK 64-Bit Server VM (11.0.11+9-b60-7590822, mixed mode, tiered, compressed oops, g1 gc, windows-amd64)
Heap:
 garbage-first heap   total 206848K, used 129550K [0x0000000080000000, 0x0000000100000000)
  region size 1024K, 22 young (22528K), 5 survivors (5120K)
 Metaspace       used 110836K, capacity 113545K, committed 113740K, reserved 1148928K
  class space    used 14084K, capacity 15084K, committed 15180K, reserved 1048576K
GC Heap History (20 events):
Event: 23.375 GC heap before
{Heap before GC invocations=36 (full 0):
 garbage-first heap   total 172032K, used 127640K [0x0000000080000000, 0x0000000100000000)
  region size 1024K, 49 young (50176K), 5 survivors (5120K)
 Metaspace       used 89148K, capacity 91399K, committed 91724K, reserved 1128448K
  class space    used 11416K, capacity 12271K, committed 12364K, reserved 1048576K
}
Event: 23.389 GC heap after
{Heap after GC invocations=37 (full 0):
 garbage-first heap   total 172032K, used 87366K [0x0000000080000000, 0x0000000100000000)
  region size 1024K, 7 young (7168K), 7 survivors (7168K)
 Metaspace       used 89148K, capacity 91399K, committed 91724K, reserved 1128448K
  class space    used 11416K, capacity 12271K, committed 12364K, reserved 1048576K
}
Event: 24.371 GC heap before
{Heap before GC invocations=37 (full 0):
 garbage-first heap   total 172032K, used 130374K [0x0000000080000000, 0x0000000100000000)
  region size 1024K, 50 young (51200K), 7 survivors (7168K)
 Metaspace       used 90253K, capacity 92501K, committed 92620K, reserved 1130496K
  class space    used 11565K, capacity 12430K, committed 12492K, reserved 1048576K
}
Event: 24.390 GC heap after
{Heap after GC invocations=38 (full 0):
 garbage-first heap   total 172032K, used 90120K [0x0000000080000000, 0x0000000100000000)
  region size 1024K, 3 young (3072K), 3 survivors (3072K)
 Metaspace       used 90253K, capacity 92501K, committed 92620K, reserved 1130496K
  class space    used 11565K, capacity 12430K, committed 12492K, reserved 1048576K
}
Event: 24.945 GC heap before
{Heap before GC invocations=39 (full 0):
 garbage-first heap   total 172032K, used 134152K [0x0000000080000000, 0x0000000100000000)
  region size 1024K, 47 young (48128K), 3 survivors (3072K)
 Metaspace       used 91436K, capacity 93632K, committed 94156K, reserved 1130496K
  class space    used 11693K, capacity 12504K, committed 12748K, reserved 1048576K
}
Event: 24.954 GC heap after
{Heap after GC invocations=40 (full 0):
 garbage-first heap   total 172032K, used 91038K [0x0000000080000000, 0x0000000100000000)
  region size 1024K, 4 young (4096K), 4 survivors (4096K)
 Metaspace       used 91436K, capacity 93632K, committed 94156K, reserved 1130496K
  class space    used 11693K, capacity 12504K, committed 12748K, reserved 1048576K
}
Event: 25.994 GC heap before
{Heap before GC invocations=40 (full 0):
 garbage-first heap   total 172032K, used 135070K [0x0000000080000000, 0x0000000100000000)
  region size 1024K, 48 young (49152K), 4 survivors (4096K)
 Metaspace       used 93360K, capacity 95536K, committed 96076K, reserved 1132544K
  class space    used 11909K, capacity 12713K, committed 12876K, reserved 1048576K
}
Event: 26.047 GC heap after
{Heap after GC invocations=41 (full 0):
 garbage-first heap   total 172032K, used 94564K [0x0000000080000000, 0x0000000100000000)
  region size 1024K, 5 young (5120K), 5 survivors (5120K)
 Metaspace       used 93360K, capacity 95536K, committed 96076K, reserved 1132544K
  class space    used 11909K, capacity 12713K, committed 12876K, reserved 1048576K
}
Event: 31.877 GC heap before
{Heap before GC invocations=42 (full 0):
 garbage-first heap   total 172032K, used 137572K [0x0000000080000000, 0x0000000100000000)
  region size 1024K, 48 young (49152K), 5 survivors (5120K)
 Metaspace       used 94321K, capacity 96599K, committed 96972K, reserved 1132544K
  class space    used 12009K, capacity 12853K, committed 13004K, reserved 1048576K
}
Event: 31.895 GC heap after
{Heap after GC invocations=43 (full 0):
 garbage-first heap   total 172032K, used 100469K [0x0000000080000000, 0x0000000100000000)
  region size 1024K, 6 young (6144K), 6 survivors (6144K)
 Metaspace       used 94321K, capacity 96599K, committed 96972K, reserved 1132544K
  class space    used 12009K, capacity 12853K, committed 13004K, reserved 1048576K
}
Event: 32.581 GC heap before
{Heap before GC invocations=43 (full 0):
 garbage-first heap   total 172032K, used 139381K [0x0000000080000000, 0x0000000100000000)
  region size 1024K, 45 young (46080K), 6 survivors (6144K)
 Metaspace       used 96378K, capacity 98622K, committed 99020K, reserved 1134592K
  class space    used 12265K, capacity 13121K, committed 13260K, reserved 1048576K
}
Event: 32.595 GC heap after
{Heap after GC invocations=44 (full 0):
 garbage-first heap   total 172032K, used 100640K [0x0000000080000000, 0x0000000100000000)
  region size 1024K, 3 young (3072K), 3 survivors (3072K)
 Metaspace       used 96378K, capacity 98622K, committed 99020K, reserved 1134592K
  class space    used 12265K, capacity 13121K, committed 13260K, reserved 1048576K
}
Event: 76.961 GC heap before
{Heap before GC invocations=45 (full 0):
 garbage-first heap   total 172032K, used 140576K [0x0000000080000000, 0x0000000100000000)
  region size 1024K, 43 young (44032K), 3 survivors (3072K)
 Metaspace       used 99635K, capacity 102032K, committed 102348K, reserved 1138688K
  class space    used 12738K, capacity 13650K, committed 13772K, reserved 1048576K
}
Event: 77.064 GC heap after
{Heap after GC invocations=46 (full 0):
 garbage-first heap   total 172032K, used 102934K [0x0000000080000000, 0x0000000100000000)
  region size 1024K, 6 young (6144K), 6 survivors (6144K)
 Metaspace       used 99635K, capacity 102032K, committed 102348K, reserved 1138688K
  class space    used 12738K, capacity 13650K, committed 13772K, reserved 1048576K
}
Event: 80.869 GC heap before
{Heap before GC invocations=46 (full 0):
 garbage-first heap   total 172032K, used 140822K [0x0000000080000000, 0x0000000100000000)
  region size 1024K, 44 young (45056K), 6 survivors (6144K)
 Metaspace       used 100869K, capacity 103262K, committed 103372K, reserved 1138688K
  class space    used 12868K, capacity 13739K, committed 13772K, reserved 1048576K
}
Event: 80.917 GC heap after
{Heap after GC invocations=47 (full 0):
 garbage-first heap   total 206848K, used 105828K [0x0000000080000000, 0x0000000100000000)
  region size 1024K, 6 young (6144K), 6 survivors (6144K)
 Metaspace       used 100869K, capacity 103262K, committed 103372K, reserved 1138688K
  class space    used 12868K, capacity 13739K, committed 13772K, reserved 1048576K
}
Event: 84.897 GC heap before
{Heap before GC invocations=48 (full 0):
 garbage-first heap   total 206848K, used 148836K [0x0000000080000000, 0x0000000100000000)
  region size 1024K, 50 young (51200K), 6 survivors (6144K)
 Metaspace       used 107338K, capacity 109925K, committed 110156K, reserved 1144832K
  class space    used 13681K, capacity 14638K, committed 14668K, reserved 1048576K
}
Event: 84.941 GC heap after
{Heap after GC invocations=49 (full 0):
 garbage-first heap   total 206848K, used 109479K [0x0000000080000000, 0x0000000100000000)
  region size 1024K, 7 young (7168K), 7 survivors (7168K)
 Metaspace       used 107338K, capacity 109925K, committed 110156K, reserved 1144832K
  class space    used 13681K, capacity 14638K, committed 14668K, reserved 1048576K
}
Event: 91.075 GC heap before
{Heap before GC invocations=50 (full 0):
 garbage-first heap   total 206848K, used 162727K [0x0000000080000000, 0x0000000100000000)
  region size 1024K, 59 young (60416K), 7 survivors (7168K)
 Metaspace       used 109527K, capacity 112291K, committed 112460K, reserved 1148928K
  class space    used 13902K, capacity 14889K, committed 14924K, reserved 1048576K
}
Event: 91.105 GC heap after
{Heap after GC invocations=51 (full 0):
 garbage-first heap   total 206848K, used 112142K [0x0000000080000000, 0x0000000100000000)
  region size 1024K, 5 young (5120K), 5 survivors (5120K)
 Metaspace       used 109527K, capacity 112291K, committed 112460K, reserved 1148928K
  class space    used 13902K, capacity 14889K, committed 14924K, reserved 1048576K
}

