# JRE version: OpenJDK Runtime Environment (11.0.11+9) (build 11.0.11+9-b60-7590822)
# Java VM: OpenJDK 64-Bit Server VM (11.0.11+9-b60-7590822, mixed mode, tiered, compressed oops, g1 gc, windows-amd64)
Heap:
 garbage-first heap   total 888832K, used 204800K [0x0000000080000000, 0x0000000100000000)
  region size 1024K, 4 young (4096K), 4 survivors (4096K)
 Metaspace       used 103249K, capacity 105946K, committed 106316K, reserved 1140736K
  class space    used 13480K, capacity 14536K, committed 14668K, reserved 1048576K
GC Heap History (20 events):
Event: 25.725 GC heap after
{Heap after GC invocations=48 (full 0):
 garbage-first heap   total 186368K, used 93590K [0x0000000080000000, 0x0000000100000000)
  region size 1024K, 5 young (5120K), 5 survivors (5120K)
 Metaspace       used 93384K, capacity 95732K, committed 95820K, reserved 1132544K
  class space    used 11979K, capacity 12845K, committed 12876K, reserved 1048576K
}
Event: 26.182 GC heap before
{Heap before GC invocations=49 (full 0):
 garbage-first heap   total 186368K, used 142742K [0x0000000080000000, 0x0000000100000000)
  region size 1024K, 54 young (55296K), 5 survivors (5120K)
 Metaspace       used 94032K, capacity 96208K, committed 96716K, reserved 1132544K
  class space    used 12033K, capacity 12827K, committed 13004K, reserved 1048576K
}
Event: 26.224 GC heap after
{Heap after GC invocations=50 (full 0):
 garbage-first heap   total 186368K, used 106552K [0x0000000080000000, 0x0000000100000000)
  region size 1024K, 7 young (7168K), 7 survivors (7168K)
 Metaspace       used 94032K, capacity 96208K, committed 96716K, reserved 1132544K
  class space    used 12033K, capacity 12827K, committed 13004K, reserved 1048576K
}
Event: 26.231 GC heap before
{Heap before GC invocations=50 (full 0):
 garbage-first heap   total 186368K, used 106552K [0x0000000080000000, 0x0000000100000000)
  region size 1024K, 8 young (8192K), 7 survivors (7168K)
 Metaspace       used 94032K, capacity 96208K, committed 96716K, reserved 1132544K
  class space    used 12033K, capacity 12827K, committed 13004K, reserved 1048576K
}
Event: 26.263 GC heap after
{Heap after GC invocations=51 (full 0):
 garbage-first heap   total 239616K, used 106217K [0x0000000080000000, 0x0000000100000000)
  region size 1024K, 2 young (2048K), 2 survivors (2048K)
 Metaspace       used 94032K, capacity 96208K, committed 96716K, reserved 1132544K
  class space    used 12033K, capacity 12827K, committed 13004K, reserved 1048576K
}
Event: 26.828 GC heap before
{Heap before GC invocations=52 (full 0):
 garbage-first heap   total 239616K, used 164585K [0x0000000080000000, 0x0000000100000000)
  region size 1024K, 58 young (59392K), 2 survivors (2048K)
 Metaspace       used 94975K, capacity 97150K, committed 97612K, reserved 1134592K
  class space    used 12162K, capacity 12949K, committed 13132K, reserved 1048576K
}
Event: 26.916 GC heap after
{Heap after GC invocations=53 (full 0):
 garbage-first heap   total 239616K, used 119263K [0x0000000080000000, 0x0000000100000000)
  region size 1024K, 8 young (8192K), 8 survivors (8192K)
 Metaspace       used 94975K, capacity 97150K, committed 97612K, reserved 1134592K
  class space    used 12162K, capacity 12949K, committed 13132K, reserved 1048576K
}
Event: 27.846 GC heap before
{Heap before GC invocations=53 (full 0):
 garbage-first heap   total 239616K, used 171487K [0x0000000080000000, 0x0000000100000000)
  region size 1024K, 60 young (61440K), 8 survivors (8192K)
 Metaspace       used 97337K, capacity 99613K, committed 99916K, reserved 1136640K
  class space    used 12492K, capacity 13354K, committed 13388K, reserved 1048576K
}
Event: 27.892 GC heap after
{Heap after GC invocations=54 (full 0):
 garbage-first heap   total 239616K, used 128540K [0x0000000080000000, 0x0000000100000000)
  region size 1024K, 8 young (8192K), 8 survivors (8192K)
 Metaspace       used 97337K, capacity 99613K, committed 99916K, reserved 1136640K
  class space    used 12492K, capacity 13354K, committed 13388K, reserved 1048576K
}
Event: 28.048 GC heap before
{Heap before GC invocations=54 (full 0):
 garbage-first heap   total 239616K, used 178716K [0x0000000080000000, 0x0000000100000000)
  region size 1024K, 57 young (58368K), 8 survivors (8192K)
 Metaspace       used 97376K, capacity 99713K, committed 100044K, reserved 1136640K
  class space    used 12494K, capacity 13387K, committed 13516K, reserved 1048576K
}
Event: 28.075 GC heap after
{Heap after GC invocations=55 (full 0):
 garbage-first heap   total 239616K, used 138425K [0x0000000080000000, 0x0000000100000000)
  region size 1024K, 8 young (8192K), 8 survivors (8192K)
 Metaspace       used 97376K, capacity 99713K, committed 100044K, reserved 1136640K
  class space    used 12494K, capacity 13387K, committed 13516K, reserved 1048576K
}
Event: 28.349 GC heap before
{Heap before GC invocations=55 (full 0):
 garbage-first heap   total 239616K, used 183481K [0x0000000080000000, 0x0000000100000000)
  region size 1024K, 53 young (54272K), 8 survivors (8192K)
 Metaspace       used 98280K, capacity 100654K, committed 100940K, reserved 1136640K
  class space    used 12623K, capacity 13527K, committed 13644K, reserved 1048576K
}
Event: 28.407 GC heap after
{Heap after GC invocations=56 (full 0):
 garbage-first heap   total 367616K, used 148111K [0x0000000080000000, 0x0000000100000000)
  region size 1024K, 7 young (7168K), 7 survivors (7168K)
 Metaspace       used 98280K, capacity 100654K, committed 100940K, reserved 1136640K
  class space    used 12623K, capacity 13527K, committed 13644K, reserved 1048576K
}
Event: 29.388 GC heap before
{Heap before GC invocations=56 (full 0):
 garbage-first heap   total 367616K, used 245391K [0x0000000080000000, 0x0000000100000000)
  region size 1024K, 102 young (104448K), 7 survivors (7168K)
 Metaspace       used 98492K, capacity 100860K, committed 101196K, reserved 1136640K
  class space    used 12646K, capacity 13551K, committed 13644K, reserved 1048576K
}
Event: 29.930 GC heap after
{Heap after GC invocations=57 (full 0):
 garbage-first heap   total 367616K, used 166912K [0x0000000080000000, 0x0000000100000000)
  region size 1024K, 13 young (13312K), 13 survivors (13312K)
 Metaspace       used 98492K, capacity 100860K, committed 101196K, reserved 1136640K
  class space    used 12646K, capacity 13551K, committed 13644K, reserved 1048576K
}
Event: 31.390 GC heap before
{Heap before GC invocations=58 (full 0):
 garbage-first heap   total 367616K, used 262144K [0x0000000080000000, 0x0000000100000000)
  region size 1024K, 106 young (108544K), 13 survivors (13312K)
 Metaspace       used 100600K, capacity 103110K, committed 103372K, reserved 1138688K
  class space    used 13006K, capacity 13994K, committed 14028K, reserved 1048576K
}
Event: 31.458 GC heap after
{Heap after GC invocations=59 (full 0):
 garbage-first heap   total 367616K, used 184320K [0x0000000080000000, 0x0000000100000000)
  region size 1024K, 14 young (14336K), 14 survivors (14336K)
 Metaspace       used 100600K, capacity 103110K, committed 103372K, reserved 1138688K
  class space    used 13006K, capacity 13994K, committed 14028K, reserved 1048576K
}
Event: 31.687 GC heap before
{Heap before GC invocations=59 (full 0):
 garbage-first heap   total 367616K, used 273408K [0x0000000080000000, 0x0000000100000000)
  region size 1024K, 102 young (104448K), 14 survivors (14336K)
 Metaspace       used 102542K, capacity 105253K, committed 105420K, reserved 1140736K
  class space    used 13375K, capacity 14415K, committed 14540K, reserved 1048576K
}
Event: 31.734 GC heap after
{Heap after GC invocations=60 (full 0):
 garbage-first heap   total 367616K, used 200037K [0x0000000080000000, 0x0000000100000000)
  region size 1024K, 13 young (13312K), 13 survivors (13312K)
 Metaspace       used 102542K, capacity 105253K, committed 105420K, reserved 1140736K
  class space    used 13375K, capacity 14415K, committed 14540K, reserved 1048576K
}
Event: 31.957 GC heap before
{Heap before GC invocations=60 (full 0):
 garbage-first heap   total 367616K, used 226661K [0x0000000080000000, 0x0000000100000000)
  region size 1024K, 39 young (39936K), 13 survivors (13312K)
 Metaspace       used 103249K, capacity 105946K, committed 106316K, reserved 1140736K
  class space    used 13480K, capacity 14536K, committed 14668K, reserved 1048576K
}

