# JRE version: OpenJDK Runtime Environment (11.0.11+9) (build 11.0.11+9-b60-7590822)
# Java VM: OpenJDK 64-Bit Server VM (11.0.11+9-b60-7590822, mixed mode, tiered, compressed oops, g1 gc, windows-amd64)
Heap:
 garbage-first heap   total 790528K, used 201862K [0x0000000080000000, 0x0000000100000000)
  region size 1024K, 19 young (19456K), 19 survivors (19456K)
 Metaspace       used 151970K, capacity 156466K, committed 156720K, reserved 1185792K
  class space    used 18643K, capacity 20284K, committed 20352K, reserved 1048576K
GC Heap History (20 events):
Event: 3315.267 GC heap after
{Heap after GC invocations=133 (full 0):
 garbage-first heap   total 241664K, used 176771K [0x0000000080000000, 0x0000000100000000)
  region size 1024K, 5 young (5120K), 5 survivors (5120K)
 Metaspace       used 138594K, capacity 142332K, committed 142640K, reserved 1173504K
  class space    used 16898K, capacity 18265K, committed 18304K, reserved 1048576K
}
Event: 3315.535 GC heap before
{Heap before GC invocations=133 (full 0):
 garbage-first heap   total 241664K, used 205443K [0x0000000080000000, 0x0000000100000000)
  region size 1024K, 34 young (34816K), 5 survivors (5120K)
 Metaspace       used 139132K, capacity 142878K, committed 143152K, reserved 1173504K
  class space    used 16924K, capacity 18298K, committed 18304K, reserved 1048576K
}
Event: 3315.545 GC heap after
{Heap after GC invocations=134 (full 0):
 garbage-first heap   total 241664K, used 178479K [0x0000000080000000, 0x0000000100000000)
  region size 1024K, 2 young (2048K), 2 survivors (2048K)
 Metaspace       used 139132K, capacity 142878K, committed 143152K, reserved 1173504K
  class space    used 16924K, capacity 18298K, committed 18304K, reserved 1048576K
}
Event: 3315.858 GC heap before
{Heap before GC invocations=134 (full 0):
 garbage-first heap   total 241664K, used 207151K [0x0000000080000000, 0x0000000100000000)
  region size 1024K, 30 young (30720K), 2 survivors (2048K)
 Metaspace       used 139488K, capacity 143295K, committed 143536K, reserved 1175552K
  class space    used 16942K, capacity 18330K, committed 18432K, reserved 1048576K
}
Event: 3315.917 GC heap after
{Heap after GC invocations=135 (full 0):
 garbage-first heap   total 290816K, used 180032K [0x0000000080000000, 0x0000000100000000)
  region size 1024K, 4 young (4096K), 4 survivors (4096K)
 Metaspace       used 139488K, capacity 143295K, committed 143536K, reserved 1175552K
  class space    used 16942K, capacity 18330K, committed 18432K, reserved 1048576K
}
Event: 3316.338 GC heap before
{Heap before GC invocations=136 (full 0):
 garbage-first heap   total 290816K, used 229184K [0x0000000080000000, 0x0000000100000000)
  region size 1024K, 51 young (52224K), 4 survivors (4096K)
 Metaspace       used 139866K, capacity 143616K, committed 143792K, reserved 1175552K
  class space    used 16965K, capacity 18330K, committed 18432K, reserved 1048576K
}
Event: 3316.349 GC heap after
{Heap after GC invocations=137 (full 0):
 garbage-first heap   total 290816K, used 182635K [0x0000000080000000, 0x0000000100000000)
  region size 1024K, 4 young (4096K), 4 survivors (4096K)
 Metaspace       used 139866K, capacity 143616K, committed 143792K, reserved 1175552K
  class space    used 16965K, capacity 18330K, committed 18432K, reserved 1048576K
}
Event: 3316.389 GC heap before
{Heap before GC invocations=137 (full 0):
 garbage-first heap   total 290816K, used 191851K [0x0000000080000000, 0x0000000100000000)
  region size 1024K, 14 young (14336K), 4 survivors (4096K)
 Metaspace       used 139872K, capacity 143616K, committed 143792K, reserved 1175552K
  class space    used 16965K, capacity 18330K, committed 18432K, reserved 1048576K
}
Event: 3316.420 GC heap after
{Heap after GC invocations=138 (full 0):
 garbage-first heap   total 290816K, used 168574K [0x0000000080000000, 0x0000000100000000)
  region size 1024K, 2 young (2048K), 2 survivors (2048K)
 Metaspace       used 139872K, capacity 143616K, committed 143792K, reserved 1175552K
  class space    used 16965K, capacity 18330K, committed 18432K, reserved 1048576K
}
Event: 3316.731 GC heap before
{Heap before GC invocations=138 (full 0):
 garbage-first heap   total 290816K, used 222846K [0x0000000080000000, 0x0000000100000000)
  region size 1024K, 56 young (57344K), 2 survivors (2048K)
 Metaspace       used 139872K, capacity 143616K, committed 143792K, reserved 1175552K
  class space    used 16965K, capacity 18330K, committed 18432K, reserved 1048576K
}
Event: 3316.754 GC heap after
{Heap after GC invocations=139 (full 0):
 garbage-first heap   total 290816K, used 169340K [0x0000000080000000, 0x0000000100000000)
  region size 1024K, 2 young (2048K), 2 survivors (2048K)
 Metaspace       used 139872K, capacity 143616K, committed 143792K, reserved 1175552K
  class space    used 16965K, capacity 18330K, committed 18432K, reserved 1048576K
}
Event: 3317.292 GC heap before
{Heap before GC invocations=139 (full 0):
 garbage-first heap   total 290816K, used 228732K [0x0000000080000000, 0x0000000100000000)
  region size 1024K, 60 young (61440K), 2 survivors (2048K)
 Metaspace       used 139872K, capacity 143616K, committed 143792K, reserved 1175552K
  class space    used 16965K, capacity 18330K, committed 18432K, reserved 1048576K
}
Event: 3317.308 GC heap after
{Heap after GC invocations=140 (full 0):
 garbage-first heap   total 463872K, used 170347K [0x0000000080000000, 0x0000000100000000)
  region size 1024K, 3 young (3072K), 3 survivors (3072K)
 Metaspace       used 139872K, capacity 143616K, committed 143792K, reserved 1175552K
  class space    used 16965K, capacity 18330K, committed 18432K, reserved 1048576K
}
Event: 3320.634 GC heap before
{Heap before GC invocations=141 (full 0):
 garbage-first heap   total 463872K, used 279915K [0x0000000080000000, 0x0000000100000000)
  region size 1024K, 110 young (112640K), 3 survivors (3072K)
 Metaspace       used 141697K, capacity 145534K, committed 145712K, reserved 1177600K
  class space    used 17150K, capacity 18511K, committed 18560K, reserved 1048576K
}
Event: 3320.683 GC heap after
{Heap after GC invocations=142 (full 0):
 garbage-first heap   total 463872K, used 170349K [0x0000000080000000, 0x0000000100000000)
  region size 1024K, 6 young (6144K), 6 survivors (6144K)
 Metaspace       used 141697K, capacity 145534K, committed 145712K, reserved 1177600K
  class space    used 17150K, capacity 18511K, committed 18560K, reserved 1048576K
}
Event: 3321.189 GC heap before
{Heap before GC invocations=142 (full 0):
 garbage-first heap   total 463872K, used 185709K [0x0000000080000000, 0x0000000100000000)
  region size 1024K, 22 young (22528K), 6 survivors (6144K)
 Metaspace       used 142456K, capacity 146247K, committed 146352K, reserved 1177600K
  class space    used 17239K, capacity 18620K, committed 18688K, reserved 1048576K
}
Event: 3321.235 GC heap after
{Heap after GC invocations=143 (full 0):
 garbage-first heap   total 463872K, used 164655K [0x0000000080000000, 0x0000000100000000)
  region size 1024K, 2 young (2048K), 2 survivors (2048K)
 Metaspace       used 142456K, capacity 146247K, committed 146352K, reserved 1177600K
  class space    used 17239K, capacity 18620K, committed 18688K, reserved 1048576K
}
Event: 3325.214 GC heap before
{Heap before GC invocations=143 (full 0):
 garbage-first heap   total 463872K, used 386863K [0x0000000080000000, 0x0000000100000000)
  region size 1024K, 220 young (225280K), 2 survivors (2048K)
 Metaspace       used 147717K, capacity 151910K, committed 152112K, reserved 1181696K
  class space    used 18020K, capacity 19559K, committed 19584K, reserved 1048576K
}
Event: 3325.561 GC heap after
{Heap after GC invocations=144 (full 0):
 garbage-first heap   total 463872K, used 191846K [0x0000000080000000, 0x0000000100000000)
  region size 1024K, 28 young (28672K), 28 survivors (28672K)
 Metaspace       used 147717K, capacity 151910K, committed 152112K, reserved 1181696K
  class space    used 18020K, capacity 19559K, committed 19584K, reserved 1048576K
}
Event: 3328.945 GC heap before
{Heap before GC invocations=145 (full 0):
 garbage-first heap   total 463872K, used 310630K [0x0000000080000000, 0x0000000100000000)
  region size 1024K, 147 young (150528K), 28 survivors (28672K)
 Metaspace       used 151970K, capacity 156466K, committed 156720K, reserved 1185792K
  class space    used 18643K, capacity 20284K, committed 20352K, reserved 1048576K
}

